[debug] [2024-06-14T21:17:47.901Z] ----------------------------------------------------------------------
[debug] [2024-06-14T21:17:47.902Z] Command:       /usr/local/bin/node /usr/local/bin/firebase deploy
[debug] [2024-06-14T21:17:47.902Z] CLI Version:   13.11.2
[debug] [2024-06-14T21:17:47.902Z] Platform:      darwin
[debug] [2024-06-14T21:17:47.902Z] Node Version:  v21.4.0
[debug] [2024-06-14T21:17:47.903Z] Time:          Sat Jun 15 2024 02:47:47 GMT+0530 (India Standard Time)
[debug] [2024-06-14T21:17:47.903Z] ----------------------------------------------------------------------
[debug] 
[debug] [2024-06-14T21:17:47.936Z] > command requires scopes: ["email","openid","https://www.googleapis.com/auth/cloudplatformprojects.readonly","https://www.googleapis.com/auth/firebase","https://www.googleapis.com/auth/cloud-platform"]
[debug] [2024-06-14T21:17:47.936Z] > authorizing via signed-in user (thetechtheseus@gmail.com)
[debug] [2024-06-14T21:17:47.936Z] [iam] checking project ugh-blog-site for permissions ["firebase.projects.get","firebasehosting.sites.update"]
[debug] [2024-06-14T21:17:47.937Z] >>> [apiv2][query] POST https://cloudresourcemanager.googleapis.com/v1/projects/ugh-blog-site:testIamPermissions [none]
[debug] [2024-06-14T21:17:47.937Z] >>> [apiv2][(partial)header] POST https://cloudresourcemanager.googleapis.com/v1/projects/ugh-blog-site:testIamPermissions x-goog-quota-user=projects/ugh-blog-site
[debug] [2024-06-14T21:17:47.937Z] >>> [apiv2][body] POST https://cloudresourcemanager.googleapis.com/v1/projects/ugh-blog-site:testIamPermissions {"permissions":["firebase.projects.get","firebasehosting.sites.update"]}
[debug] [2024-06-14T21:17:49.373Z] <<< [apiv2][status] POST https://cloudresourcemanager.googleapis.com/v1/projects/ugh-blog-site:testIamPermissions 200
[debug] [2024-06-14T21:17:49.374Z] <<< [apiv2][body] POST https://cloudresourcemanager.googleapis.com/v1/projects/ugh-blog-site:testIamPermissions {"permissions":["firebase.projects.get","firebasehosting.sites.update"]}
[debug] [2024-06-14T21:17:49.375Z] >>> [apiv2][query] GET https://firebase.googleapis.com/v1beta1/projects/ugh-blog-site [none]
[debug] [2024-06-14T21:17:49.987Z] <<< [apiv2][status] GET https://firebase.googleapis.com/v1beta1/projects/ugh-blog-site 200
[debug] [2024-06-14T21:17:49.987Z] <<< [apiv2][body] GET https://firebase.googleapis.com/v1beta1/projects/ugh-blog-site {"projectId":"ugh-blog-site","projectNumber":"279263466319","displayName":"ugh-blog-site","name":"projects/ugh-blog-site","resources":{"hostingSite":"ugh-blog-site"},"state":"ACTIVE","etag":"1_f10ce204-2285-40a6-a8bc-dcea0f1eba4d"}
[debug] [2024-06-14T21:17:50.901Z] >>> [apiv2][query] GET https://firebasehosting.googleapis.com/v1beta1/projects/ugh-blog-site/sites pageToken=&pageSize=10
[debug] [2024-06-14T21:17:51.955Z] <<< [apiv2][status] GET https://firebasehosting.googleapis.com/v1beta1/projects/ugh-blog-site/sites 200
[debug] [2024-06-14T21:17:51.955Z] <<< [apiv2][body] GET https://firebasehosting.googleapis.com/v1beta1/projects/ugh-blog-site/sites {"sites":[{"name":"projects/ugh-blog-site/sites/ugh-blog-site","defaultUrl":"https://ugh-blog-site.web.app","appId":"1:279263466319:web:dd66f43db4a85dd42aab3a","type":"DEFAULT_SITE"}]}
[debug] [2024-06-14T21:17:51.956Z] >>> [apiv2][query] GET https://firebase.googleapis.com/v1beta1/projects/-/webApps/1:279263466319:web:dd66f43db4a85dd42aab3a/config [none]
[debug] [2024-06-14T21:17:52.970Z] <<< [apiv2][status] GET https://firebase.googleapis.com/v1beta1/projects/-/webApps/1:279263466319:web:dd66f43db4a85dd42aab3a/config 200
[debug] [2024-06-14T21:17:52.970Z] <<< [apiv2][body] GET https://firebase.googleapis.com/v1beta1/projects/-/webApps/1:279263466319:web:dd66f43db4a85dd42aab3a/config {"projectId":"ugh-blog-site","appId":"1:279263466319:web:dd66f43db4a85dd42aab3a","storageBucket":"ugh-blog-site.appspot.com","apiKey":"AIzaSyApx8cXsHFYOYQ9c6lWkpEs8f5y2hp4KIM","authDomain":"ugh-blog-site.firebaseapp.com","messagingSenderId":"279263466319"}
[info] 
   Thank you for trying our experimental support for SvelteKit on Firebase Hosting.
   While this integration is maintained by Googlers it is not a supported Firebase product.
   Issues filed on GitHub will be addressed on a best-effort basis by maintainers and other community members.

   Documentation: https://firebase.google.com/docs/hosting/frameworks/frameworks-overview
   File a bug: https://github.com/firebase/firebase-tools/issues/new?template=bug_report.md
   Submit a feature request: https://github.com/firebase/firebase-tools/issues/new?template=feature_request.md

   We'd love to learn from you. Express your interest in helping us shape the future of Firebase Hosting: https://goo.gle/41enW5X

[warn] ⚠  This integration expects Node version 16, 18, or 20. You're running version 21, problems may be encountered. 
[debug] [2024-06-14T21:18:51.198Z] Error: Command failed: npm i --omit dev --no-audit
    at genericNodeError (node:internal/errors:956:15)
    at wrappedFn (node:internal/errors:510:14)
    at checkExecSyncError (node:child_process:890:11)
    at execSync (node:child_process:962:15)
    at prepareFrameworks (/usr/local/lib/node_modules/firebase-tools/lib/frameworks/index.js:375:42)
    at async deploy (/usr/local/lib/node_modules/firebase-tools/lib/deploy/index.js:57:13)
[error] 
[error] Error: An unexpected error has occurred.
